<?xml version="1.0" encoding="UTF-8"?>
<!-- Generated by org.testng.reporters.JUnitReportReporter -->
<testsuite skipped="1" hostname="DESKTOP-LGF3LQ1" name="com.test.testng.Example1" tests="4" failures="0" timestamp="14 Jun 2019 00:13:29 GMT" time="0.054" errors="0">
  <testcase name="tc2" time="0.003" classname="com.test.testng.Example1"/>
  <testcase name="tc3" time="0.020" classname="com.test.testng.Example1"/>
  <testcase name="tc1" time="0.031" classname="com.test.testng.Example1"/>
  <testcase name="tc4" classname="com.test.testng.Example1">
    <skipped/>
  </testcase> <!-- tc4 -->
</testsuite> <!-- com.test.testng.Example1 -->
