<?xml version="1.0" encoding="UTF-8"?>
<!-- Generated by org.testng.reporters.JUnitReportReporter -->
<testsuite skipped="0" hostname="DESKTOP-LGF3LQ1" name="com.test.testng.CarLoan" tests="2" failures="0" timestamp="14 Jun 2019 00:13:29 GMT" time="0.010" errors="0">
  <testcase name="carLoanAPILogin" time="0.005" classname="com.test.testng.CarLoan"/>
  <testcase name="carLoanMobileLogin" time="0.005" classname="com.test.testng.CarLoan"/>
</testsuite> <!-- com.test.testng.CarLoan -->
