<?xml version="1.0" encoding="UTF-8"?>
<!-- Generated by org.testng.reporters.JUnitReportReporter -->
<testsuite skipped="0" hostname="DESKTOP-LGF3LQ1" name="com.test.testng.HomeLoanLogin" tests="1" failures="0" timestamp="14 Jun 2019 00:13:29 GMT" time="0.005" errors="0">
  <testcase name="homeLoanAPILogin" time="0.005" classname="com.test.testng.HomeLoanLogin"/>
</testsuite> <!-- com.test.testng.HomeLoanLogin -->
