<?xml version="1.0" encoding="UTF-8"?>
<!-- Generated by org.testng.reporters.JUnitReportReporter -->
<testsuite skipped="0" hostname="DESKTOP-LGF3LQ1" name="com.test.testng.DataProviderAnnotationExample" tests="4" failures="0" timestamp="13 Jun 2019 11:07:32 GMT" time="0.043" errors="0">
  <testcase name="testcase" time="0.004" classname="com.test.testng.DataProviderAnnotationExample"/>
  <testcase name="testcase" time="0.031" classname="com.test.testng.DataProviderAnnotationExample"/>
  <testcase name="testcase" time="0.005" classname="com.test.testng.DataProviderAnnotationExample"/>
  <testcase name="testcase" time="0.003" classname="com.test.testng.DataProviderAnnotationExample"/>
</testsuite> <!-- com.test.testng.DataProviderAnnotationExample -->
