<?xml version="1.0" encoding="UTF-8"?>
<!-- Generated by org.testng.reporters.JUnitReportReporter -->
<testsuite skipped="0" hostname="DESKTOP-LGF3LQ1" name="com.test.testng.Example2" tests="1" failures="0" timestamp="14 Jun 2019 00:13:29 GMT" time="0.008" errors="0">
  <testcase name="tc3" time="0.008" classname="com.test.testng.Example2"/>
</testsuite> <!-- com.test.testng.Example2 -->
