<?xml version="1.0" encoding="UTF-8"?>
<!-- Generated by org.testng.reporters.JUnitReportReporter -->
<testsuite skipped="0" hostname="DESKTOP-LGF3LQ1" name="com.test.testng.MobileLoan" tests="3" failures="0" timestamp="14 Jun 2019 00:13:29 GMT" time="0.021" errors="0">
  <testcase name="mobileTC3" time="0.010" classname="com.test.testng.MobileLoan"/>
  <testcase name="mobileTC2" time="0.003" classname="com.test.testng.MobileLoan"/>
  <testcase name="mobileTC1" time="0.008" classname="com.test.testng.MobileLoan"/>
</testsuite> <!-- com.test.testng.MobileLoan -->
